# JRE version: OpenJDK Runtime Environment Temurin-17.0.6+10 (17.0.6+10) (build 17.0.6+10)
# Java VM: OpenJDK 64-Bit Server VM Temurin-17.0.6+10 (17.0.6+10, mixed mode, emulated-client, tiered, compressed oops, compressed class ptrs, g1 gc, windows-amd64)
GC Precious Log:
 CPUs: 4 total, 4 available
 Memory: 8067M
 Large Page Support: Disabled
 NUMA Support: Disabled
 Compressed Oops: Enabled (32-bit)
 Heap Region Size: 1M
 Heap Min Capacity: 8M
 Heap Initial Capacity: 128M
 Heap Max Capacity: 1G
 Pre-touch: Disabled
 Parallel Workers: 4
 Concurrent Workers: 1
 Concurrent Refinement Workers: 4
 Periodic GC: Disabled
Heap:
 garbage-first heap   total 133120K, used 39750K [0x00000000c0000000, 0x0000000100000000)
  region size 1024K, 1 young (1024K), 0 survivors (0K)
 Metaspace       used 69931K, committed 70656K, reserved 1114112K
  class space    used 9512K, committed 9792K, reserved 1048576K
GC Heap History (20 events):
Event: 899.377 GC heap before
{Heap before GC invocations=139 (full 77):
 garbage-first heap   total 133120K, used 39750K [0x00000000c0000000, 0x0000000100000000)
  region size 1024K, 1 young (1024K), 0 survivors (0K)
 Metaspace       used 69931K, committed 70656K, reserved 1114112K
  class space    used 9512K, committed 9792K, reserved 1048576K
}
Event: 899.448 GC heap after
{Heap after GC invocations=140 (full 78):
 garbage-first heap   total 133120K, used 39750K [0x00000000c0000000, 0x0000000100000000)
  region size 1024K, 0 young (0K), 0 survivors (0K)
 Metaspace       used 69931K, committed 70656K, reserved 1114112K
  class space    used 9512K, committed 9792K, reserved 1048576K
}
Event: 909.607 GC heap before
{Heap before GC invocations=140 (full 78):
 garbage-first heap   total 133120K, used 39750K [0x00000000c0000000, 0x0000000100000000)
  region size 1024K, 1 young (1024K), 0 survivors (0K)
 Metaspace       used 69931K, committed 70656K, reserved 1114112K
  class space    used 9512K, committed 9792K, reserved 1048576K
}
Event: 909.669 GC heap after
{Heap after GC invocations=141 (full 79):
 garbage-first heap   total 133120K, used 39750K [0x00000000c0000000, 0x0000000100000000)
  region size 1024K, 0 young (0K), 0 survivors (0K)
 Metaspace       used 69931K, committed 70656K, reserved 1114112K
  class space    used 9512K, committed 9792K, reserved 1048576K
}
Event: 919.828 GC heap before
{Heap before GC invocations=141 (full 79):
 garbage-first heap   total 133120K, used 39750K [0x00000000c0000000, 0x0000000100000000)
  region size 1024K, 1 young (1024K), 0 survivors (0K)
 Metaspace       used 69931K, committed 70656K, reserved 1114112K
  class space    used 9512K, committed 9792K, reserved 1048576K
}
Event: 919.882 GC heap after
{Heap after GC invocations=142 (full 80):
 garbage-first heap   total 133120K, used 39750K [0x00000000c0000000, 0x0000000100000000)
  region size 1024K, 0 young (0K), 0 survivors (0K)
 Metaspace       used 69931K, committed 70656K, reserved 1114112K
  class space    used 9512K, committed 9792K, reserved 1048576K
}
Event: 930.053 GC heap before
{Heap before GC invocations=142 (full 80):
 garbage-first heap   total 133120K, used 39750K [0x00000000c0000000, 0x0000000100000000)
  region size 1024K, 1 young (1024K), 0 survivors (0K)
 Metaspace       used 69931K, committed 70656K, reserved 1114112K
  class space    used 9512K, committed 9792K, reserved 1048576K
}
Event: 930.125 GC heap after
{Heap after GC invocations=143 (full 81):
 garbage-first heap   total 133120K, used 39750K [0x00000000c0000000, 0x0000000100000000)
  region size 1024K, 0 young (0K), 0 survivors (0K)
 Metaspace       used 69931K, committed 70656K, reserved 1114112K
  class space    used 9512K, committed 9792K, reserved 1048576K
}
Event: 940.296 GC heap before
{Heap before GC invocations=143 (full 81):
 garbage-first heap   total 133120K, used 39750K [0x00000000c0000000, 0x0000000100000000)
  region size 1024K, 1 young (1024K), 0 survivors (0K)
 Metaspace       used 69931K, committed 70656K, reserved 1114112K
  class space    used 9512K, committed 9792K, reserved 1048576K
}
Event: 940.353 GC heap after
{Heap after GC invocations=144 (full 82):
 garbage-first heap   total 133120K, used 39750K [0x00000000c0000000, 0x0000000100000000)
  region size 1024K, 0 young (0K), 0 survivors (0K)
 Metaspace       used 69931K, committed 70656K, reserved 1114112K
  class space    used 9512K, committed 9792K, reserved 1048576K
}
Event: 951.379 GC heap before
{Heap before GC invocations=144 (full 82):
 garbage-first heap   total 133120K, used 39750K [0x00000000c0000000, 0x0000000100000000)
  region size 1024K, 1 young (1024K), 0 survivors (0K)
 Metaspace       used 69931K, committed 70656K, reserved 1114112K
  class space    used 9512K, committed 9792K, reserved 1048576K
}
Event: 951.447 GC heap after
{Heap after GC invocations=145 (full 83):
 garbage-first heap   total 133120K, used 39750K [0x00000000c0000000, 0x0000000100000000)
  region size 1024K, 0 young (0K), 0 survivors (0K)
 Metaspace       used 69931K, committed 70656K, reserved 1114112K
  class space    used 9512K, committed 9792K, reserved 1048576K
}
Event: 961.625 GC heap before
{Heap before GC invocations=145 (full 83):
 garbage-first heap   total 133120K, used 39750K [0x00000000c0000000, 0x0000000100000000)
  region size 1024K, 1 young (1024K), 0 survivors (0K)
 Metaspace       used 69931K, committed 70656K, reserved 1114112K
  class space    used 9512K, committed 9792K, reserved 1048576K
}
Event: 961.676 GC heap after
{Heap after GC invocations=146 (full 84):
 garbage-first heap   total 133120K, used 39750K [0x00000000c0000000, 0x0000000100000000)
  region size 1024K, 0 young (0K), 0 survivors (0K)
 Metaspace       used 69931K, committed 70656K, reserved 1114112K
  class space    used 9512K, committed 9792K, reserved 1048576K
}
Event: 971.828 GC heap before
{Heap before GC invocations=146 (full 84):
 garbage-first heap   total 133120K, used 39750K [0x00000000c0000000, 0x0000000100000000)
  region size 1024K, 1 young (1024K), 0 survivors (0K)
 Metaspace       used 69931K, committed 70656K, reserved 1114112K
  class space    used 9512K, committed 9792K, reserved 1048576K
}
Event: 971.879 GC heap after
{Heap after GC invocations=147 (full 85):
 garbage-first heap   total 133120K, used 39750K [0x00000000c0000000, 0x0000000100000000)
  region size 1024K, 0 young (0K), 0 survivors (0K)
 Metaspace       used 69931K, committed 70656K, reserved 1114112K
  class space    used 9512K, committed 9792K, reserved 1048576K
}
Event: 982.611 GC heap before
{Heap before GC invocations=147 (full 85):
 garbage-first heap   total 133120K, used 39750K [0x00000000c0000000, 0x0000000100000000)
  region size 1024K, 1 young (1024K), 0 survivors (0K)
 Metaspace       used 69931K, committed 70656K, reserved 1114112K
  class space    used 9512K, committed 9792K, reserved 1048576K
}
Event: 982.677 GC heap after
{Heap after GC invocations=148 (full 86):
 garbage-first heap   total 133120K, used 39750K [0x00000000c0000000, 0x0000000100000000)
  region size 1024K, 0 young (0K), 0 survivors (0K)
 Metaspace       used 69931K, committed 70656K, reserved 1114112K
  class space    used 9512K, committed 9792K, reserved 1048576K
}
Event: 992.924 GC heap before
{Heap before GC invocations=148 (full 86):
 garbage-first heap   total 133120K, used 39750K [0x00000000c0000000, 0x0000000100000000)
  region size 1024K, 1 young (1024K), 0 survivors (0K)
 Metaspace       used 69931K, committed 70656K, reserved 1114112K
  class space    used 9512K, committed 9792K, reserved 1048576K
}
Event: 992.988 GC heap after
{Heap after GC invocations=149 (full 87):
 garbage-first heap   total 133120K, used 39750K [0x00000000c0000000, 0x0000000100000000)
  region size 1024K, 0 young (0K), 0 survivors (0K)
 Metaspace       used 69931K, committed 70656K, reserved 1114112K
  class space    used 9512K, committed 9792K, reserved 1048576K
}

