# JRE version: Java(TM) SE Runtime Environment 18.9 (11.0.14+8) (build 11.0.14+8-LTS-263)
# Java VM: Java HotSpot(TM) 64-Bit Server VM 18.9 (11.0.14+8-LTS-263, mixed mode, tiered, compressed oops, g1 gc, windows-amd64)
Heap:
 garbage-first heap   total 157696K, used 61344K [0x0000000081e00000, 0x0000000100000000)
  region size 1024K, 51 young (52224K), 6 survivors (6144K)
 Metaspace       used 40543K, capacity 41682K, committed 41728K, reserved 1085440K
  class space    used 4897K, capacity 5359K, committed 5376K, reserved 1048576K
GC Heap History (10 events):
Event: 2.983 GC heap before
{Heap before GC invocations=3 (full 0):
 garbage-first heap   total 131072K, used 34781K [0x0000000081e00000, 0x0000000100000000)
  region size 1024K, 29 young (29696K), 2 survivors (2048K)
 Metaspace       used 20788K, capacity 21226K, committed 21248K, reserved 1069056K
  class space    used 2341K, capacity 2560K, committed 2560K, reserved 1048576K
}
Event: 2.990 GC heap after
{Heap after GC invocations=4 (full 0):
 garbage-first heap   total 131072K, used 10279K [0x0000000081e00000, 0x0000000100000000)
  region size 1024K, 3 young (3072K), 3 survivors (3072K)
 Metaspace       used 20788K, capacity 21226K, committed 21248K, reserved 1069056K
  class space    used 2341K, capacity 2560K, committed 2560K, reserved 1048576K
}
Event: 3.766 GC heap before
{Heap before GC invocations=5 (full 0):
 garbage-first heap   total 131072K, used 54311K [0x0000000081e00000, 0x0000000100000000)
  region size 1024K, 46 young (47104K), 3 survivors (3072K)
 Metaspace       used 26001K, capacity 26630K, committed 26880K, reserved 1073152K
  class space    used 2998K, capacity 3230K, committed 3328K, reserved 1048576K
}
Event: 3.776 GC heap after
{Heap after GC invocations=6 (full 0):
 garbage-first heap   total 131072K, used 11923K [0x0000000081e00000, 0x0000000100000000)
  region size 1024K, 5 young (5120K), 5 survivors (5120K)
 Metaspace       used 26001K, capacity 26630K, committed 26880K, reserved 1073152K
  class space    used 2998K, capacity 3230K, committed 3328K, reserved 1048576K
}
Event: 5.035 GC heap before
{Heap before GC invocations=6 (full 0):
 garbage-first heap   total 131072K, used 67219K [0x0000000081e00000, 0x0000000100000000)
  region size 1024K, 60 young (61440K), 5 survivors (5120K)
 Metaspace       used 29528K, capacity 30180K, committed 30464K, reserved 1075200K
  class space    used 3439K, capacity 3737K, committed 3840K, reserved 1048576K
}
Event: 5.045 GC heap after
{Heap after GC invocations=7 (full 0):
 garbage-first heap   total 131072K, used 13972K [0x0000000081e00000, 0x0000000100000000)
  region size 1024K, 6 young (6144K), 6 survivors (6144K)
 Metaspace       used 29528K, capacity 30180K, committed 30464K, reserved 1075200K
  class space    used 3439K, capacity 3737K, committed 3840K, reserved 1048576K
}
Event: 7.978 GC heap before
{Heap before GC invocations=7 (full 0):
 garbage-first heap   total 131072K, used 85652K [0x0000000081e00000, 0x0000000100000000)
  region size 1024K, 76 young (77824K), 6 survivors (6144K)
 Metaspace       used 34429K, capacity 35298K, committed 35456K, reserved 1081344K
  class space    used 4089K, capacity 4410K, committed 4480K, reserved 1048576K
}
Event: 8.001 GC heap after
{Heap after GC invocations=8 (full 0):
 garbage-first heap   total 157696K, used 16491K [0x0000000081e00000, 0x0000000100000000)
  region size 1024K, 8 young (8192K), 8 survivors (8192K)
 Metaspace       used 34429K, capacity 35298K, committed 35456K, reserved 1081344K
  class space    used 4089K, capacity 4410K, committed 4480K, reserved 1048576K
}
Event: 8.177 GC heap before
{Heap before GC invocations=8 (full 0):
 garbage-first heap   total 157696K, used 20587K [0x0000000081e00000, 0x0000000100000000)
  region size 1024K, 13 young (13312K), 8 survivors (8192K)
 Metaspace       used 34920K, capacity 35811K, committed 35840K, reserved 1081344K
  class space    used 4134K, capacity 4453K, committed 4480K, reserved 1048576K
}
Event: 8.191 GC heap after
{Heap after GC invocations=9 (full 0):
 garbage-first heap   total 157696K, used 16288K [0x0000000081e00000, 0x0000000100000000)
  region size 1024K, 6 young (6144K), 6 survivors (6144K)
 Metaspace       used 34920K, capacity 35811K, committed 35840K, reserved 1081344K
  class space    used 4134K, capacity 4453K, committed 4480K, reserved 1048576K
}

