# JRE version: OpenJDK Runtime Environment Temurin-17.0.6+10 (17.0.6+10) (build 17.0.6+10)
# Java VM: OpenJDK 64-Bit Server VM Temurin-17.0.6+10 (17.0.6+10, mixed mode, emulated-client, tiered, compressed oops, compressed class ptrs, g1 gc, windows-amd64)
GC Precious Log:
 CPUs: 4 total, 4 available
 Memory: 8067M
 Large Page Support: Disabled
 NUMA Support: Disabled
 Compressed Oops: Enabled (32-bit)
 Heap Region Size: 1M
 Heap Min Capacity: 8M
 Heap Initial Capacity: 128M
 Heap Max Capacity: 1G
 Pre-touch: Disabled
 Parallel Workers: 4
 Concurrent Workers: 1
 Concurrent Refinement Workers: 4
 Periodic GC: Disabled
Heap:
 garbage-first heap   total 133120K, used 39475K [0x00000000c0000000, 0x0000000100000000)
  region size 1024K, 1 young (1024K), 0 survivors (0K)
 Metaspace       used 69862K, committed 70656K, reserved 1114112K
  class space    used 9505K, committed 9792K, reserved 1048576K
GC Heap History (20 events):
Event: 1667.043 GC heap before
{Heap before GC invocations=199 (full 154):
 garbage-first heap   total 133120K, used 39475K [0x00000000c0000000, 0x0000000100000000)
  region size 1024K, 1 young (1024K), 0 survivors (0K)
 Metaspace       used 69862K, committed 70656K, reserved 1114112K
  class space    used 9505K, committed 9792K, reserved 1048576K
}
Event: 1667.102 GC heap after
{Heap after GC invocations=200 (full 155):
 garbage-first heap   total 133120K, used 39475K [0x00000000c0000000, 0x0000000100000000)
  region size 1024K, 0 young (0K), 0 survivors (0K)
 Metaspace       used 69862K, committed 70656K, reserved 1114112K
  class space    used 9505K, committed 9792K, reserved 1048576K
}
Event: 1677.621 GC heap before
{Heap before GC invocations=200 (full 155):
 garbage-first heap   total 133120K, used 39475K [0x00000000c0000000, 0x0000000100000000)
  region size 1024K, 1 young (1024K), 0 survivors (0K)
 Metaspace       used 69862K, committed 70656K, reserved 1114112K
  class space    used 9505K, committed 9792K, reserved 1048576K
}
Event: 1677.695 GC heap after
{Heap after GC invocations=201 (full 156):
 garbage-first heap   total 133120K, used 39475K [0x00000000c0000000, 0x0000000100000000)
  region size 1024K, 0 young (0K), 0 survivors (0K)
 Metaspace       used 69862K, committed 70656K, reserved 1114112K
  class space    used 9505K, committed 9792K, reserved 1048576K
}
Event: 1688.203 GC heap before
{Heap before GC invocations=201 (full 156):
 garbage-first heap   total 133120K, used 39475K [0x00000000c0000000, 0x0000000100000000)
  region size 1024K, 1 young (1024K), 0 survivors (0K)
 Metaspace       used 69862K, committed 70656K, reserved 1114112K
  class space    used 9505K, committed 9792K, reserved 1048576K
}
Event: 1688.275 GC heap after
{Heap after GC invocations=202 (full 157):
 garbage-first heap   total 133120K, used 39475K [0x00000000c0000000, 0x0000000100000000)
  region size 1024K, 0 young (0K), 0 survivors (0K)
 Metaspace       used 69862K, committed 70656K, reserved 1114112K
  class space    used 9505K, committed 9792K, reserved 1048576K
}
Event: 1698.420 GC heap before
{Heap before GC invocations=202 (full 157):
 garbage-first heap   total 133120K, used 39475K [0x00000000c0000000, 0x0000000100000000)
  region size 1024K, 1 young (1024K), 0 survivors (0K)
 Metaspace       used 69862K, committed 70656K, reserved 1114112K
  class space    used 9505K, committed 9792K, reserved 1048576K
}
Event: 1698.468 GC heap after
{Heap after GC invocations=203 (full 158):
 garbage-first heap   total 133120K, used 39475K [0x00000000c0000000, 0x0000000100000000)
  region size 1024K, 0 young (0K), 0 survivors (0K)
 Metaspace       used 69862K, committed 70656K, reserved 1114112K
  class space    used 9505K, committed 9792K, reserved 1048576K
}
Event: 1708.616 GC heap before
{Heap before GC invocations=203 (full 158):
 garbage-first heap   total 133120K, used 39475K [0x00000000c0000000, 0x0000000100000000)
  region size 1024K, 1 young (1024K), 0 survivors (0K)
 Metaspace       used 69862K, committed 70656K, reserved 1114112K
  class space    used 9505K, committed 9792K, reserved 1048576K
}
Event: 1708.666 GC heap after
{Heap after GC invocations=204 (full 159):
 garbage-first heap   total 133120K, used 39475K [0x00000000c0000000, 0x0000000100000000)
  region size 1024K, 0 young (0K), 0 survivors (0K)
 Metaspace       used 69862K, committed 70656K, reserved 1114112K
  class space    used 9505K, committed 9792K, reserved 1048576K
}
Event: 1718.831 GC heap before
{Heap before GC invocations=204 (full 159):
 garbage-first heap   total 133120K, used 39475K [0x00000000c0000000, 0x0000000100000000)
  region size 1024K, 1 young (1024K), 0 survivors (0K)
 Metaspace       used 69862K, committed 70656K, reserved 1114112K
  class space    used 9505K, committed 9792K, reserved 1048576K
}
Event: 1718.884 GC heap after
{Heap after GC invocations=205 (full 160):
 garbage-first heap   total 133120K, used 39475K [0x00000000c0000000, 0x0000000100000000)
  region size 1024K, 0 young (0K), 0 survivors (0K)
 Metaspace       used 69862K, committed 70656K, reserved 1114112K
  class space    used 9505K, committed 9792K, reserved 1048576K
}
Event: 1729.063 GC heap before
{Heap before GC invocations=205 (full 160):
 garbage-first heap   total 133120K, used 39475K [0x00000000c0000000, 0x0000000100000000)
  region size 1024K, 1 young (1024K), 0 survivors (0K)
 Metaspace       used 69862K, committed 70656K, reserved 1114112K
  class space    used 9505K, committed 9792K, reserved 1048576K
}
Event: 1729.118 GC heap after
{Heap after GC invocations=206 (full 161):
 garbage-first heap   total 133120K, used 39475K [0x00000000c0000000, 0x0000000100000000)
  region size 1024K, 0 young (0K), 0 survivors (0K)
 Metaspace       used 69862K, committed 70656K, reserved 1114112K
  class space    used 9505K, committed 9792K, reserved 1048576K
}
Event: 1739.263 GC heap before
{Heap before GC invocations=206 (full 161):
 garbage-first heap   total 133120K, used 39475K [0x00000000c0000000, 0x0000000100000000)
  region size 1024K, 1 young (1024K), 0 survivors (0K)
 Metaspace       used 69862K, committed 70656K, reserved 1114112K
  class space    used 9505K, committed 9792K, reserved 1048576K
}
Event: 1739.316 GC heap after
{Heap after GC invocations=207 (full 162):
 garbage-first heap   total 133120K, used 39475K [0x00000000c0000000, 0x0000000100000000)
  region size 1024K, 0 young (0K), 0 survivors (0K)
 Metaspace       used 69862K, committed 70656K, reserved 1114112K
  class space    used 9505K, committed 9792K, reserved 1048576K
}
Event: 1749.570 GC heap before
{Heap before GC invocations=207 (full 162):
 garbage-first heap   total 133120K, used 39475K [0x00000000c0000000, 0x0000000100000000)
  region size 1024K, 1 young (1024K), 0 survivors (0K)
 Metaspace       used 69862K, committed 70656K, reserved 1114112K
  class space    used 9505K, committed 9792K, reserved 1048576K
}
Event: 1749.629 GC heap after
{Heap after GC invocations=208 (full 163):
 garbage-first heap   total 133120K, used 39475K [0x00000000c0000000, 0x0000000100000000)
  region size 1024K, 0 young (0K), 0 survivors (0K)
 Metaspace       used 69862K, committed 70656K, reserved 1114112K
  class space    used 9505K, committed 9792K, reserved 1048576K
}
Event: 1759.841 GC heap before
{Heap before GC invocations=208 (full 163):
 garbage-first heap   total 133120K, used 39475K [0x00000000c0000000, 0x0000000100000000)
  region size 1024K, 1 young (1024K), 0 survivors (0K)
 Metaspace       used 69862K, committed 70656K, reserved 1114112K
  class space    used 9505K, committed 9792K, reserved 1048576K
}
Event: 1759.901 GC heap after
{Heap after GC invocations=209 (full 164):
 garbage-first heap   total 133120K, used 39475K [0x00000000c0000000, 0x0000000100000000)
  region size 1024K, 0 young (0K), 0 survivors (0K)
 Metaspace       used 69862K, committed 70656K, reserved 1114112K
  class space    used 9505K, committed 9792K, reserved 1048576K
}

